Started GET "/" for ::1 at 2021-08-24 18:05:17 +0530
  [1m[35m (2.1ms)[0m  [1m[34mSELECT sqlite_version(*)[0m
Processing by Rails::WelcomeController#index as HTML
  Rendering /usr/local/lib/ruby/gems/3.0.0/gems/railties-6.1.4.1/lib/rails/templates/rails/welcome/index.html.erb
  Rendered /usr/local/lib/ruby/gems/3.0.0/gems/railties-6.1.4.1/lib/rails/templates/rails/welcome/index.html.erb (Duration: 8.6ms | Allocations: 600)
Completed 200 OK in 31ms (Views: 14.6ms | ActiveRecord: 0.0ms | Allocations: 6284)


Started GET "/" for ::1 at 2021-08-24 18:20:09 +0530
  [1m[35m (0.5ms)[0m  [1m[34mSELECT sqlite_version(*)[0m
Processing by Rails::WelcomeController#index as HTML
  Rendering /usr/local/lib/ruby/gems/3.0.0/gems/railties-6.1.4.1/lib/rails/templates/rails/welcome/index.html.erb
  Rendered /usr/local/lib/ruby/gems/3.0.0/gems/railties-6.1.4.1/lib/rails/templates/rails/welcome/index.html.erb (Duration: 8.6ms | Allocations: 492)
Completed 200 OK in 22ms (Views: 11.5ms | ActiveRecord: 0.0ms | Allocations: 3632)


Started GET "/" for ::1 at 2021-08-24 18:20:10 +0530
Processing by Rails::WelcomeController#index as HTML
  Rendering /usr/local/lib/ruby/gems/3.0.0/gems/railties-6.1.4.1/lib/rails/templates/rails/welcome/index.html.erb
  Rendered /usr/local/lib/ruby/gems/3.0.0/gems/railties-6.1.4.1/lib/rails/templates/rails/welcome/index.html.erb (Duration: 7.8ms | Allocations: 262)
Completed 200 OK in 12ms (Views: 9.4ms | ActiveRecord: 0.0ms | Allocations: 1176)


Started GET "/" for ::1 at 2021-08-24 18:20:10 +0530
Processing by Rails::WelcomeController#index as HTML
  Rendering /usr/local/lib/ruby/gems/3.0.0/gems/railties-6.1.4.1/lib/rails/templates/rails/welcome/index.html.erb
  Rendered /usr/local/lib/ruby/gems/3.0.0/gems/railties-6.1.4.1/lib/rails/templates/rails/welcome/index.html.erb (Duration: 0.4ms | Allocations: 46)
Completed 200 OK in 1ms (Views: 0.8ms | ActiveRecord: 0.0ms | Allocations: 452)


Started GET "/editor" for ::1 at 2021-08-24 18:20:15 +0530
Processing by EditorController#index as HTML
  Rendering layout layouts/application.html.erb
  Rendering editor/index.html.erb within layouts/application
  Rendered editor/index.html.erb within layouts/application (Duration: 0.7ms | Allocations: 153)
[Webpacker] Compiling...
[Webpacker] Compiled all packs in /Users/harasunu/Projects/froala-demo/rails-froala-demo/public/packs
[Webpacker] Hash: e2a8a876c5815bee1e21
Version: webpack 4.46.0
Time: 1435ms
Built at: 08/24/2021 6:20:20 PM
                                     Asset       Size       Chunks                         Chunk Names
    js/application-e421b4aa3f716bebdab1.js    125 KiB  application  [emitted] [immutable]  application
js/application-e421b4aa3f716bebdab1.js.map    139 KiB  application  [emitted] [dev]        application
                             manifest.json  364 bytes               [emitted]              
Entrypoint application = js/application-e421b4aa3f716bebdab1.js js/application-e421b4aa3f716bebdab1.js.map
[./app/javascript/channels sync recursive _channel\.js$] ./app/javascript/channels sync _channel\.js$ 160 bytes {application} [built]
[./app/javascript/channels/index.js] 211 bytes {application} [built]
[./app/javascript/packs/application.js] 492 bytes {application} [built]
[./node_modules/webpack/buildin/module.js] (webpack)/buildin/module.js 552 bytes {application} [built]
    + 3 hidden modules

  Rendered layout layouts/application.html.erb (Duration: 4696.2ms | Allocations: 25130)
Completed 200 OK in 4712ms (Views: 4698.8ms | ActiveRecord: 0.0ms | Allocations: 26569)


Started GET "/editor" for ::1 at 2021-08-24 18:22:00 +0530
Processing by EditorController#index as HTML
  Rendering layout layouts/application.html.erb
  Rendering editor/index.html.erb within layouts/application
  Rendered editor/index.html.erb within layouts/application (Duration: 0.4ms | Allocations: 156)
[Webpacker] Everything's up-to-date. Nothing to do
  Rendered layout layouts/application.html.erb (Duration: 8.2ms | Allocations: 3991)
Completed 200 OK in 11ms (Views: 10.1ms | ActiveRecord: 0.0ms | Allocations: 5460)


Started GET "/editor" for ::1 at 2021-08-24 18:22:02 +0530
Processing by EditorController#index as HTML
  Rendering layout layouts/application.html.erb
  Rendering editor/index.html.erb within layouts/application
  Rendered editor/index.html.erb within layouts/application (Duration: 0.1ms | Allocations: 38)
[Webpacker] Everything's up-to-date. Nothing to do
  Rendered layout layouts/application.html.erb (Duration: 5.3ms | Allocations: 3459)
Completed 200 OK in 7ms (Views: 5.8ms | ActiveRecord: 0.0ms | Allocations: 3957)


Started GET "/editor" for ::1 at 2021-08-24 18:22:10 +0530
Processing by EditorController#index as HTML
  Rendering layout layouts/application.html.erb
  Rendering editor/index.html.erb within layouts/application
  Rendered editor/index.html.erb within layouts/application (Duration: 0.1ms | Allocations: 38)
[Webpacker] Everything's up-to-date. Nothing to do
  Rendered layout layouts/application.html.erb (Duration: 6.7ms | Allocations: 3455)
Completed 200 OK in 8ms (Views: 7.3ms | ActiveRecord: 0.0ms | Allocations: 3898)


Started GET "/editor" for ::1 at 2021-08-24 18:26:17 +0530
Processing by EditorController#index as HTML
  Rendering layout layouts/application.html.erb
  Rendering editor/index.html.erb within layouts/application
  Rendered editor/index.html.erb within layouts/application (Duration: 0.1ms | Allocations: 38)
[Webpacker] Everything's up-to-date. Nothing to do
  Rendered layout layouts/application.html.erb (Duration: 251.1ms | Allocations: 14697)
Completed 200 OK in 252ms (Views: 251.7ms | Allocations: 15137)


Started GET "/editor" for ::1 at 2021-08-24 18:26:49 +0530
Processing by EditorController#index as HTML
  Rendering layout layouts/application.html.erb
  Rendering editor/index.html.erb within layouts/application
  Rendered editor/index.html.erb within layouts/application (Duration: 0.1ms | Allocations: 38)
[Webpacker] Everything's up-to-date. Nothing to do
  Rendered layout layouts/application.html.erb (Duration: 375.6ms | Allocations: 19490)
Completed 200 OK in 376ms (Views: 376.0ms | Allocations: 19930)


Started GET "/editor" for ::1 at 2021-08-24 18:26:54 +0530
Processing by EditorController#index as HTML
  Rendering layout layouts/application.html.erb
  Rendering editor/index.html.erb within layouts/application
  Rendered editor/index.html.erb within layouts/application (Duration: 0.1ms | Allocations: 38)
[Webpacker] Everything's up-to-date. Nothing to do
  Rendered layout layouts/application.html.erb (Duration: 5.9ms | Allocations: 3536)
Completed 200 OK in 7ms (Views: 6.4ms | Allocations: 3976)


Started GET "/editor" for ::1 at 2021-08-24 18:33:22 +0530
  [1m[35m (0.6ms)[0m  [1m[34mSELECT sqlite_version(*)[0m
Processing by EditorController#index as HTML
  Rendering layout layouts/application.html.erb
  Rendering editor/index.html.erb within layouts/application
  Rendered editor/index.html.erb within layouts/application (Duration: 1.2ms | Allocations: 368)
[Webpacker] Everything's up-to-date. Nothing to do
  Rendered layout layouts/application.html.erb (Duration: 109.7ms | Allocations: 16814)
Completed 200 OK in 126ms (Views: 113.6ms | ActiveRecord: 0.0ms | Allocations: 20482)


Started GET "/editor" for ::1 at 2021-08-24 18:33:28 +0530
Processing by EditorController#index as HTML
  Rendering layout layouts/application.html.erb
  Rendering editor/index.html.erb within layouts/application
  Rendered editor/index.html.erb within layouts/application (Duration: 0.3ms | Allocations: 43)
[Webpacker] Everything's up-to-date. Nothing to do
  Rendered layout layouts/application.html.erb (Duration: 6.2ms | Allocations: 3684)
Completed 200 OK in 7ms (Views: 6.7ms | ActiveRecord: 0.0ms | Allocations: 4238)


